[0.492s] Invoking command in '/workspaces/python-ros/src/py_pubsub': PYTHONPATH=/workspaces/python-ros/build/py_pubsub/prefix_override:/workspaces/python-ros/install/py_pubsub/lib/python3.10/site-packages:${PYTHONPATH} /usr/bin/python3 setup.py egg_info --egg-base ../../build/py_pubsub build --build-base /workspaces/python-ros/build/py_pubsub/build install --record /workspaces/python-ros/build/py_pubsub/install.log --single-version-externally-managed
[0.618s] running egg_info
[0.618s] creating ../../build/py_pubsub/py_pubsub.egg-info
[0.618s] writing ../../build/py_pubsub/py_pubsub.egg-info/PKG-INFO
[0.619s] writing dependency_links to ../../build/py_pubsub/py_pubsub.egg-info/dependency_links.txt
[0.619s] writing entry points to ../../build/py_pubsub/py_pubsub.egg-info/entry_points.txt
[0.619s] writing requirements to ../../build/py_pubsub/py_pubsub.egg-info/requires.txt
[0.620s] writing top-level names to ../../build/py_pubsub/py_pubsub.egg-info/top_level.txt
[0.620s] writing manifest file '../../build/py_pubsub/py_pubsub.egg-info/SOURCES.txt'
[0.621s] reading manifest file '../../build/py_pubsub/py_pubsub.egg-info/SOURCES.txt'
[0.621s] writing manifest file '../../build/py_pubsub/py_pubsub.egg-info/SOURCES.txt'
[0.622s] running build
[0.622s] running build_py
[0.622s] creating /workspaces/python-ros/build/py_pubsub/build
[0.622s] creating /workspaces/python-ros/build/py_pubsub/build/lib
[0.623s] creating /workspaces/python-ros/build/py_pubsub/build/lib/py_pubsub
[0.623s] copying py_pubsub/__init__.py -> /workspaces/python-ros/build/py_pubsub/build/lib/py_pubsub
[0.623s] copying py_pubsub/subscriber_member_function.py -> /workspaces/python-ros/build/py_pubsub/build/lib/py_pubsub
[0.623s] copying py_pubsub/publisher_member_function.py -> /workspaces/python-ros/build/py_pubsub/build/lib/py_pubsub
[0.624s] running install
[0.624s] /usr/lib/python3/dist-packages/setuptools/command/install.py:34: SetuptoolsDeprecationWarning: setup.py install is deprecated. Use build and pip and other standards-based tools.
[0.624s]   warnings.warn(
[0.624s] running install_lib
[0.625s] creating /workspaces/python-ros/install/py_pubsub/lib/python3.10/site-packages/py_pubsub
[0.626s] copying /workspaces/python-ros/build/py_pubsub/build/lib/py_pubsub/__init__.py -> /workspaces/python-ros/install/py_pubsub/lib/python3.10/site-packages/py_pubsub
[0.626s] copying /workspaces/python-ros/build/py_pubsub/build/lib/py_pubsub/subscriber_member_function.py -> /workspaces/python-ros/install/py_pubsub/lib/python3.10/site-packages/py_pubsub
[0.626s] copying /workspaces/python-ros/build/py_pubsub/build/lib/py_pubsub/publisher_member_function.py -> /workspaces/python-ros/install/py_pubsub/lib/python3.10/site-packages/py_pubsub
[0.626s] byte-compiling /workspaces/python-ros/install/py_pubsub/lib/python3.10/site-packages/py_pubsub/__init__.py to __init__.cpython-310.pyc
[0.627s] byte-compiling /workspaces/python-ros/install/py_pubsub/lib/python3.10/site-packages/py_pubsub/subscriber_member_function.py to subscriber_member_function.cpython-310.pyc
[0.627s] byte-compiling /workspaces/python-ros/install/py_pubsub/lib/python3.10/site-packages/py_pubsub/publisher_member_function.py to publisher_member_function.cpython-310.pyc
[0.628s] running install_data
[0.628s] creating /workspaces/python-ros/install/py_pubsub/share/ament_index
[0.628s] creating /workspaces/python-ros/install/py_pubsub/share/ament_index/resource_index
[0.629s] creating /workspaces/python-ros/install/py_pubsub/share/ament_index/resource_index/packages
[0.629s] copying resource/py_pubsub -> /workspaces/python-ros/install/py_pubsub/share/ament_index/resource_index/packages
[0.629s] copying package.xml -> /workspaces/python-ros/install/py_pubsub/share/py_pubsub
[0.629s] running install_egg_info
[0.632s] Copying ../../build/py_pubsub/py_pubsub.egg-info to /workspaces/python-ros/install/py_pubsub/lib/python3.10/site-packages/py_pubsub-0.0.0-py3.10.egg-info
[0.634s] running install_scripts
[0.648s] Installing listener script to /workspaces/python-ros/install/py_pubsub/lib/py_pubsub
[0.649s] Installing talker script to /workspaces/python-ros/install/py_pubsub/lib/py_pubsub
[0.649s] writing list of installed files to '/workspaces/python-ros/build/py_pubsub/install.log'
[0.672s] Invoked command in '/workspaces/python-ros/src/py_pubsub' returned '0': PYTHONPATH=/workspaces/python-ros/build/py_pubsub/prefix_override:/workspaces/python-ros/install/py_pubsub/lib/python3.10/site-packages:${PYTHONPATH} /usr/bin/python3 setup.py egg_info --egg-base ../../build/py_pubsub build --build-base /workspaces/python-ros/build/py_pubsub/build install --record /workspaces/python-ros/build/py_pubsub/install.log --single-version-externally-managed
