[0.234s] DEBUG:colcon:Command line arguments: ['/usr/bin/colcon', 'build', '--packages-select', 'py_pubsub']
[0.234s] DEBUG:colcon:Parsed command line arguments: Namespace(log_base=None, log_level=None, verb_name='build', build_base='build', install_base='install', merge_install=False, symlink_install=False, test_result_base=None, continue_on_error=False, executor='parallel', parallel_workers=12, event_handlers=None, ignore_user_meta=False, metas=['./colcon.meta'], base_paths=['.'], packages_ignore=None, packages_ignore_regex=None, paths=None, packages_up_to=None, packages_up_to_regex=None, packages_above=None, packages_above_and_dependencies=None, packages_above_depth=None, packages_select_by_dep=None, packages_skip_by_dep=None, packages_skip_up_to=None, packages_select_build_failed=False, packages_skip_build_finished=False, packages_select_test_failures=False, packages_skip_test_passed=False, packages_select=['py_pubsub'], packages_skip=None, packages_select_regex=None, packages_skip_regex=None, packages_start=None, packages_end=None, cmake_args=None, cmake_target=None, cmake_target_skip_unavailable=False, cmake_clean_cache=False, cmake_clean_first=False, cmake_force_configure=False, ament_cmake_args=None, catkin_cmake_args=None, catkin_skip_building_tests=False, verb_parser=<colcon_defaults.argument_parser.defaults.DefaultArgumentsDecorator object at 0x7f3d3e2fffa0>, verb_extension=<colcon_core.verb.build.BuildVerb object at 0x7f3d3eb30520>, main=<bound method BuildVerb.main of <colcon_core.verb.build.BuildVerb object at 0x7f3d3eb30520>>)
[0.266s] Level 1:colcon.colcon_core.package_discovery:discover_packages(colcon_meta) check parameters
[0.267s] Level 1:colcon.colcon_core.package_discovery:discover_packages(recursive) check parameters
[0.267s] Level 1:colcon.colcon_core.package_discovery:discover_packages(ignore) check parameters
[0.267s] Level 1:colcon.colcon_core.package_discovery:discover_packages(path) check parameters
[0.267s] Level 1:colcon.colcon_core.package_discovery:discover_packages(colcon_meta) discover
[0.267s] Level 1:colcon.colcon_core.package_discovery:discover_packages(recursive) discover
[0.267s] INFO:colcon.colcon_core.package_discovery:Crawling recursively for packages in '/workspaces/python-ros'
[0.267s] Level 1:colcon.colcon_core.package_identification:_identify(.) by extensions ['ignore', 'ignore_ament_install']
[0.267s] Level 1:colcon.colcon_core.package_identification:_identify(.) by extension 'ignore'
[0.267s] Level 1:colcon.colcon_core.package_identification:_identify(.) by extension 'ignore_ament_install'
[0.267s] Level 1:colcon.colcon_core.package_identification:_identify(.) by extensions ['colcon_pkg']
[0.267s] Level 1:colcon.colcon_core.package_identification:_identify(.) by extension 'colcon_pkg'
[0.267s] Level 1:colcon.colcon_core.package_identification:_identify(.) by extensions ['colcon_meta']
[0.267s] Level 1:colcon.colcon_core.package_identification:_identify(.) by extension 'colcon_meta'
[0.267s] Level 1:colcon.colcon_core.package_identification:_identify(.) by extensions ['ros']
[0.267s] Level 1:colcon.colcon_core.package_identification:_identify(.) by extension 'ros'
[0.289s] Level 1:colcon.colcon_core.package_identification:_identify(.) by extensions ['cmake', 'python']
[0.289s] Level 1:colcon.colcon_core.package_identification:_identify(.) by extension 'cmake'
[0.289s] Level 1:colcon.colcon_core.package_identification:_identify(.) by extension 'python'
[0.289s] Level 1:colcon.colcon_core.package_identification:_identify(.) by extensions ['python_setup_py']
[0.289s] Level 1:colcon.colcon_core.package_identification:_identify(.) by extension 'python_setup_py'
[0.290s] Level 1:colcon.colcon_core.package_identification:_identify(build) by extensions ['ignore', 'ignore_ament_install']
[0.290s] Level 1:colcon.colcon_core.package_identification:_identify(build) by extension 'ignore'
[0.290s] Level 1:colcon.colcon_core.package_identification:_identify(build) ignored
[0.290s] Level 1:colcon.colcon_core.package_identification:_identify(install) by extensions ['ignore', 'ignore_ament_install']
[0.290s] Level 1:colcon.colcon_core.package_identification:_identify(install) by extension 'ignore'
[0.290s] Level 1:colcon.colcon_core.package_identification:_identify(install) ignored
[0.290s] Level 1:colcon.colcon_core.package_identification:_identify(log) by extensions ['ignore', 'ignore_ament_install']
[0.290s] Level 1:colcon.colcon_core.package_identification:_identify(log) by extension 'ignore'
[0.290s] Level 1:colcon.colcon_core.package_identification:_identify(log) ignored
[0.290s] Level 1:colcon.colcon_core.package_identification:_identify(src) by extensions ['ignore', 'ignore_ament_install']
[0.290s] Level 1:colcon.colcon_core.package_identification:_identify(src) by extension 'ignore'
[0.290s] Level 1:colcon.colcon_core.package_identification:_identify(src) by extension 'ignore_ament_install'
[0.290s] Level 1:colcon.colcon_core.package_identification:_identify(src) by extensions ['colcon_pkg']
[0.290s] Level 1:colcon.colcon_core.package_identification:_identify(src) by extension 'colcon_pkg'
[0.290s] Level 1:colcon.colcon_core.package_identification:_identify(src) by extensions ['colcon_meta']
[0.290s] Level 1:colcon.colcon_core.package_identification:_identify(src) by extension 'colcon_meta'
[0.291s] Level 1:colcon.colcon_core.package_identification:_identify(src) by extensions ['ros']
[0.291s] Level 1:colcon.colcon_core.package_identification:_identify(src) by extension 'ros'
[0.291s] Level 1:colcon.colcon_core.package_identification:_identify(src) by extensions ['cmake', 'python']
[0.291s] Level 1:colcon.colcon_core.package_identification:_identify(src) by extension 'cmake'
[0.291s] Level 1:colcon.colcon_core.package_identification:_identify(src) by extension 'python'
[0.291s] Level 1:colcon.colcon_core.package_identification:_identify(src) by extensions ['python_setup_py']
[0.291s] Level 1:colcon.colcon_core.package_identification:_identify(src) by extension 'python_setup_py'
[0.291s] Level 1:colcon.colcon_core.package_identification:_identify(src/py_pubsub) by extensions ['ignore', 'ignore_ament_install']
[0.291s] Level 1:colcon.colcon_core.package_identification:_identify(src/py_pubsub) by extension 'ignore'
[0.291s] Level 1:colcon.colcon_core.package_identification:_identify(src/py_pubsub) by extension 'ignore_ament_install'
[0.291s] Level 1:colcon.colcon_core.package_identification:_identify(src/py_pubsub) by extensions ['colcon_pkg']
[0.291s] Level 1:colcon.colcon_core.package_identification:_identify(src/py_pubsub) by extension 'colcon_pkg'
[0.291s] Level 1:colcon.colcon_core.package_identification:_identify(src/py_pubsub) by extensions ['colcon_meta']
[0.291s] Level 1:colcon.colcon_core.package_identification:_identify(src/py_pubsub) by extension 'colcon_meta'
[0.291s] Level 1:colcon.colcon_core.package_identification:_identify(src/py_pubsub) by extensions ['ros']
[0.291s] Level 1:colcon.colcon_core.package_identification:_identify(src/py_pubsub) by extension 'ros'
[0.293s] DEBUG:colcon.colcon_core.package_identification:Package 'src/py_pubsub' with type 'ros.ament_python' and name 'py_pubsub'
[0.293s] Level 1:colcon.colcon_core.package_discovery:discover_packages(recursive) using defaults
[0.293s] Level 1:colcon.colcon_core.package_discovery:discover_packages(ignore) discover
[0.293s] Level 1:colcon.colcon_core.package_discovery:discover_packages(ignore) using defaults
[0.293s] Level 1:colcon.colcon_core.package_discovery:discover_packages(path) discover
[0.293s] Level 1:colcon.colcon_core.package_discovery:discover_packages(path) using defaults
[0.319s] Level 5:colcon.colcon_core.verb:set package 'py_pubsub' build argument 'cmake_args' from command line to 'None'
[0.320s] Level 5:colcon.colcon_core.verb:set package 'py_pubsub' build argument 'cmake_target' from command line to 'None'
[0.320s] Level 5:colcon.colcon_core.verb:set package 'py_pubsub' build argument 'cmake_target_skip_unavailable' from command line to 'False'
[0.320s] Level 5:colcon.colcon_core.verb:set package 'py_pubsub' build argument 'cmake_clean_cache' from command line to 'False'
[0.320s] Level 5:colcon.colcon_core.verb:set package 'py_pubsub' build argument 'cmake_clean_first' from command line to 'False'
[0.320s] Level 5:colcon.colcon_core.verb:set package 'py_pubsub' build argument 'cmake_force_configure' from command line to 'False'
[0.320s] Level 5:colcon.colcon_core.verb:set package 'py_pubsub' build argument 'ament_cmake_args' from command line to 'None'
[0.320s] Level 5:colcon.colcon_core.verb:set package 'py_pubsub' build argument 'catkin_cmake_args' from command line to 'None'
[0.320s] Level 5:colcon.colcon_core.verb:set package 'py_pubsub' build argument 'catkin_skip_building_tests' from command line to 'False'
[0.320s] DEBUG:colcon.colcon_core.verb:Building package 'py_pubsub' with the following arguments: {'ament_cmake_args': None, 'build_base': '/workspaces/python-ros/build/py_pubsub', 'catkin_cmake_args': None, 'catkin_skip_building_tests': False, 'cmake_args': None, 'cmake_clean_cache': False, 'cmake_clean_first': False, 'cmake_force_configure': False, 'cmake_target': None, 'cmake_target_skip_unavailable': False, 'install_base': '/workspaces/python-ros/install/py_pubsub', 'merge_install': False, 'path': '/workspaces/python-ros/src/py_pubsub', 'symlink_install': False, 'test_result_base': None}
[0.320s] INFO:colcon.colcon_core.executor:Executing jobs using 'parallel' executor
[0.324s] DEBUG:colcon.colcon_parallel_executor.executor.parallel:run_until_complete
[0.324s] INFO:colcon.colcon_ros.task.ament_python.build:Building ROS package in '/workspaces/python-ros/src/py_pubsub' with build type 'ament_python'
[0.325s] Level 1:colcon.colcon_core.shell:create_environment_hook('py_pubsub', 'ament_prefix_path')
[0.331s] INFO:colcon.colcon_core.plugin_system:Skipping extension 'colcon_core.shell.bat': Not used on non-Windows systems
[0.331s] INFO:colcon.colcon_core.shell:Creating environment hook '/workspaces/python-ros/install/py_pubsub/share/py_pubsub/hook/ament_prefix_path.ps1'
[0.333s] INFO:colcon.colcon_core.shell:Creating environment descriptor '/workspaces/python-ros/install/py_pubsub/share/py_pubsub/hook/ament_prefix_path.dsv'
[0.334s] INFO:colcon.colcon_core.shell:Creating environment hook '/workspaces/python-ros/install/py_pubsub/share/py_pubsub/hook/ament_prefix_path.sh'
[0.335s] INFO:colcon.colcon_core.shell:Skip shell extension 'powershell' for command environment: Not usable outside of PowerShell
[0.335s] DEBUG:colcon.colcon_core.shell:Skip shell extension 'dsv' for command environment
[0.561s] INFO:colcon.colcon_core.task.python.build:Building Python package in '/workspaces/python-ros/src/py_pubsub'
[0.563s] INFO:colcon.colcon_core.shell:Skip shell extension 'powershell' for command environment: Not usable outside of PowerShell
[0.563s] DEBUG:colcon.colcon_core.shell:Skip shell extension 'dsv' for command environment
[0.816s] DEBUG:colcon.colcon_core.event_handler.log_command:Invoking command in '/workspaces/python-ros/src/py_pubsub': PYTHONPATH=/workspaces/python-ros/build/py_pubsub/prefix_override:/workspaces/python-ros/install/py_pubsub/lib/python3.10/site-packages:${PYTHONPATH} /usr/bin/python3 setup.py egg_info --egg-base ../../build/py_pubsub build --build-base /workspaces/python-ros/build/py_pubsub/build install --record /workspaces/python-ros/build/py_pubsub/install.log --single-version-externally-managed
[0.997s] DEBUG:colcon.colcon_core.event_handler.log_command:Invoked command in '/workspaces/python-ros/src/py_pubsub' returned '0': PYTHONPATH=/workspaces/python-ros/build/py_pubsub/prefix_override:/workspaces/python-ros/install/py_pubsub/lib/python3.10/site-packages:${PYTHONPATH} /usr/bin/python3 setup.py egg_info --egg-base ../../build/py_pubsub build --build-base /workspaces/python-ros/build/py_pubsub/build install --record /workspaces/python-ros/build/py_pubsub/install.log --single-version-externally-managed
[1.000s] Level 1:colcon.colcon_core.environment:checking '/workspaces/python-ros/install/py_pubsub' for CMake module files
[1.001s] Level 1:colcon.colcon_core.environment:checking '/workspaces/python-ros/install/py_pubsub' for CMake config files
[1.001s] Level 1:colcon.colcon_core.environment:checking '/workspaces/python-ros/install/py_pubsub/lib'
[1.001s] Level 1:colcon.colcon_core.environment:checking '/workspaces/python-ros/install/py_pubsub/bin'
[1.001s] Level 1:colcon.colcon_core.environment:checking '/workspaces/python-ros/install/py_pubsub/lib/pkgconfig/py_pubsub.pc'
[1.002s] Level 1:colcon.colcon_core.environment:checking '/workspaces/python-ros/install/py_pubsub/lib/python3.10/site-packages'
[1.002s] Level 1:colcon.colcon_core.shell:create_environment_hook('py_pubsub', 'pythonpath')
[1.002s] INFO:colcon.colcon_core.shell:Creating environment hook '/workspaces/python-ros/install/py_pubsub/share/py_pubsub/hook/pythonpath.ps1'
[1.003s] INFO:colcon.colcon_core.shell:Creating environment descriptor '/workspaces/python-ros/install/py_pubsub/share/py_pubsub/hook/pythonpath.dsv'
[1.003s] INFO:colcon.colcon_core.shell:Creating environment hook '/workspaces/python-ros/install/py_pubsub/share/py_pubsub/hook/pythonpath.sh'
[1.003s] Level 1:colcon.colcon_core.environment:checking '/workspaces/python-ros/install/py_pubsub/bin'
[1.003s] Level 1:colcon.colcon_core.environment:create_environment_scripts_only(py_pubsub)
[1.004s] INFO:colcon.colcon_core.shell:Creating package script '/workspaces/python-ros/install/py_pubsub/share/py_pubsub/package.ps1'
[1.005s] INFO:colcon.colcon_core.shell:Creating package descriptor '/workspaces/python-ros/install/py_pubsub/share/py_pubsub/package.dsv'
[1.006s] INFO:colcon.colcon_core.shell:Creating package script '/workspaces/python-ros/install/py_pubsub/share/py_pubsub/package.sh'
[1.006s] INFO:colcon.colcon_core.shell:Creating package script '/workspaces/python-ros/install/py_pubsub/share/py_pubsub/package.bash'
[1.007s] INFO:colcon.colcon_core.shell:Creating package script '/workspaces/python-ros/install/py_pubsub/share/py_pubsub/package.zsh'
[1.007s] Level 1:colcon.colcon_core.environment:create_file_with_runtime_dependencies(/workspaces/python-ros/install/py_pubsub/share/colcon-core/packages/py_pubsub)
[1.008s] DEBUG:colcon.colcon_parallel_executor.executor.parallel:closing loop
[1.009s] DEBUG:colcon.colcon_parallel_executor.executor.parallel:loop closed
[1.009s] DEBUG:colcon.colcon_parallel_executor.executor.parallel:run_until_complete finished with '0'
[1.009s] DEBUG:colcon.colcon_core.event_reactor:joining thread
[1.016s] INFO:colcon.colcon_core.plugin_system:Skipping extension 'colcon_notification.desktop_notification.notify_send': Could not find 'notify-send'
[1.016s] INFO:colcon.colcon_core.plugin_system:Skipping extension 'colcon_notification.desktop_notification.terminal_notifier': Not used on non-Darwin systems
[1.016s] INFO:colcon.colcon_core.plugin_system:Skipping extension 'colcon_notification.desktop_notification.win32': Not used on non-Windows systems
[1.016s] INFO:colcon.colcon_notification.desktop_notification:Sending desktop notification using 'notify2'
[1.018s] DEBUG:colcon.colcon_notification.desktop_notification.notify2:Failed to initialize notify2: org.freedesktop.DBus.Error.Spawn.ExecFailed: /usr/bin/dbus-launch terminated abnormally without any error message
[1.018s] DEBUG:colcon.colcon_core.event_reactor:joined thread
[1.019s] INFO:colcon.colcon_core.shell:Creating prefix script '/workspaces/python-ros/install/local_setup.ps1'
[1.020s] INFO:colcon.colcon_core.shell:Creating prefix util module '/workspaces/python-ros/install/_local_setup_util_ps1.py'
[1.022s] INFO:colcon.colcon_core.shell:Creating prefix chain script '/workspaces/python-ros/install/setup.ps1'
[1.023s] INFO:colcon.colcon_core.shell:Creating prefix script '/workspaces/python-ros/install/local_setup.sh'
[1.023s] INFO:colcon.colcon_core.shell:Creating prefix util module '/workspaces/python-ros/install/_local_setup_util_sh.py'
[1.023s] INFO:colcon.colcon_core.shell:Creating prefix chain script '/workspaces/python-ros/install/setup.sh'
[1.024s] INFO:colcon.colcon_core.shell:Creating prefix script '/workspaces/python-ros/install/local_setup.bash'
[1.025s] INFO:colcon.colcon_core.shell:Creating prefix chain script '/workspaces/python-ros/install/setup.bash'
[1.025s] INFO:colcon.colcon_core.shell:Creating prefix script '/workspaces/python-ros/install/local_setup.zsh'
[1.026s] INFO:colcon.colcon_core.shell:Creating prefix chain script '/workspaces/python-ros/install/setup.zsh'
